 PATH path56 FOUND 
SVG scale factor = 1.000000
SVG offset = 0.000000,0.000000
POLYGON  0)
Move (rel)	raw = 266.00,347.00	coord = 266.00,347.00
Horz (rel)	raw = 21.00,0.00	coord = 287.00,347.00
curve (rel)	raw = 4.00,4.00	coord = 291.00,351.00
Vert (rel)	raw = 0.00,21.00	coord = 291.00,372.00
curve (rel)	raw = -4.00,4.00	coord = 287.00,376.00
Horz (rel)	raw = -21.00,0.00	coord = 266.00,376.00
curve (rel)	raw = -4.00,-4.00	coord = 262.00,372.00
Vert (rel)	raw = 0.00,-21.00	coord = 262.00,351.00
curve (rel)	raw = 4.00,-4.00	coord = 266.00,347.00
End polygon at 266.00,347.00

 PATH path54 FOUND 
SVG scale factor = 1.000000
SVG offset = 0.000000,0.000000
POLYGON  1)
Move (rel)	raw = 405.00,347.00	coord = 405.00,347.00
Horz (rel)	raw = 21.00,0.00	coord = 426.00,347.00
curve (rel)	raw = 4.00,4.00	coord = 430.00,351.00
Vert (rel)	raw = 0.00,21.00	coord = 430.00,372.00
curve (rel)	raw = -4.00,4.00	coord = 426.00,376.00
Horz (rel)	raw = -21.00,0.00	coord = 405.00,376.00
curve (rel)	raw = -4.00,-4.00	coord = 401.00,372.00
Vert (rel)	raw = 0.00,-21.00	coord = 401.00,351.00
curve (rel)	raw = 4.00,-4.00	coord = 405.00,347.00
End polygon at 405.00,347.00

 PATH path52 FOUND 
SVG scale factor = 1.000000
SVG offset = 0.000000,0.000000
POLYGON  2)
Move (rel)	raw = 266.00,307.00	coord = 266.00,307.00
Horz (rel)	raw = 21.00,0.00	coord = 287.00,307.00
curve (rel)	raw = 4.00,4.00	coord = 291.00,311.00
Vert (rel)	raw = 0.00,21.00	coord = 291.00,332.00
curve (rel)	raw = -4.00,4.00	coord = 287.00,336.00
Horz (rel)	raw = -21.00,0.00	coord = 266.00,336.00
curve (rel)	raw = -4.00,-4.00	coord = 262.00,332.00
Vert (rel)	raw = 0.00,-21.00	coord = 262.00,311.00
curve (rel)	raw = 4.00,-4.00	coord = 266.00,307.00
End polygon at 266.00,307.00

 PATH path50 FOUND 
SVG scale factor = 1.000000
SVG offset = 0.000000,0.000000
POLYGON  3)
Move (rel)	raw = 321.00,307.00	coord = 321.00,307.00
Horz (rel)	raw = 21.00,0.00	coord = 342.00,307.00
curve (rel)	raw = 4.00,4.00	coord = 346.00,311.00
Vert (rel)	raw = 0.00,21.00	coord = 346.00,332.00
curve (rel)	raw = -4.00,4.00	coord = 342.00,336.00
Horz (rel)	raw = -21.00,0.00	coord = 321.00,336.00
curve (rel)	raw = -4.00,-4.00	coord = 317.00,332.00
Vert (rel)	raw = 0.00,-21.00	coord = 317.00,311.00
curve (rel)	raw = 4.00,-4.00	coord = 321.00,307.00
End polygon at 321.00,307.00

 PATH path48 FOUND 
SVG scale factor = 1.000000
SVG offset = 0.000000,0.000000
POLYGON  4)
Move (rel)	raw = 363.00,307.00	coord = 363.00,307.00
Horz (rel)	raw = 21.00,0.00	coord = 384.00,307.00
curve (rel)	raw = 4.00,4.00	coord = 388.00,311.00
Vert (rel)	raw = 0.00,21.00	coord = 388.00,332.00
curve (rel)	raw = -4.00,4.00	coord = 384.00,336.00
Horz (rel)	raw = -21.00,0.00	coord = 363.00,336.00
curve (rel)	raw = -4.00,-4.00	coord = 359.00,332.00
Vert (rel)	raw = 0.00,-21.00	coord = 359.00,311.00
curve (rel)	raw = 4.00,-4.00	coord = 363.00,307.00
End polygon at 363.00,307.00

 PATH path46 FOUND 
SVG scale factor = 1.000000
SVG offset = 0.000000,0.000000
POLYGON  5)
Move (rel)	raw = 405.00,307.00	coord = 405.00,307.00
Horz (rel)	raw = 21.00,0.00	coord = 426.00,307.00
curve (rel)	raw = 4.00,4.00	coord = 430.00,311.00
Vert (rel)	raw = 0.00,21.00	coord = 430.00,332.00
curve (rel)	raw = -4.00,4.00	coord = 426.00,336.00
Horz (rel)	raw = -21.00,0.00	coord = 405.00,336.00
curve (rel)	raw = -4.00,-4.00	coord = 401.00,332.00
Vert (rel)	raw = 0.00,-21.00	coord = 401.00,311.00
curve (rel)	raw = 4.00,-4.00	coord = 405.00,307.00
End polygon at 405.00,307.00

 PATH path44 FOUND 
SVG scale factor = 1.000000
SVG offset = 0.000000,0.000000
POLYGON  6)
Move (rel)	raw = 266.00,267.00	coord = 266.00,267.00
Horz (rel)	raw = 21.00,0.00	coord = 287.00,267.00
curve (rel)	raw = 4.00,4.00	coord = 291.00,271.00
Vert (rel)	raw = 0.00,21.00	coord = 291.00,292.00
curve (rel)	raw = -4.00,4.00	coord = 287.00,296.00
Horz (rel)	raw = -21.00,0.00	coord = 266.00,296.00
curve (rel)	raw = -4.00,-4.00	coord = 262.00,292.00
Vert (rel)	raw = 0.00,-21.00	coord = 262.00,271.00
curve (rel)	raw = 4.00,-4.00	coord = 266.00,267.00
End polygon at 266.00,267.00

 PATH path42 FOUND 
SVG scale factor = 1.000000
SVG offset = 0.000000,0.000000
POLYGON  7)
Move (rel)	raw = 321.00,267.00	coord = 321.00,267.00
Horz (rel)	raw = 21.00,0.00	coord = 342.00,267.00
curve (rel)	raw = 4.00,4.00	coord = 346.00,271.00
Vert (rel)	raw = 0.00,21.00	coord = 346.00,292.00
curve (rel)	raw = -4.00,4.00	coord = 342.00,296.00
Horz (rel)	raw = -21.00,0.00	coord = 321.00,296.00
curve (rel)	raw = -4.00,-4.00	coord = 317.00,292.00
Vert (rel)	raw = 0.00,-21.00	coord = 317.00,271.00
curve (rel)	raw = 4.00,-4.00	coord = 321.00,267.00
End polygon at 321.00,267.00

 PATH path40 FOUND 
SVG scale factor = 1.000000
SVG offset = 0.000000,0.000000
POLYGON  8)
Move (rel)	raw = 363.00,267.00	coord = 363.00,267.00
Horz (rel)	raw = 21.00,0.00	coord = 384.00,267.00
curve (rel)	raw = 4.00,4.00	coord = 388.00,271.00
Vert (rel)	raw = 0.00,21.00	coord = 388.00,292.00
curve (rel)	raw = -4.00,4.00	coord = 384.00,296.00
Horz (rel)	raw = -21.00,0.00	coord = 363.00,296.00
curve (rel)	raw = -4.00,-4.00	coord = 359.00,292.00
Vert (rel)	raw = 0.00,-21.00	coord = 359.00,271.00
curve (rel)	raw = 4.00,-4.00	coord = 363.00,267.00
End polygon at 363.00,267.00

 PATH path38 FOUND 
SVG scale factor = 1.000000
SVG offset = 0.000000,0.000000
POLYGON  9)
Move (rel)	raw = 405.00,267.00	coord = 405.00,267.00
Horz (rel)	raw = 21.00,0.00	coord = 426.00,267.00
curve (rel)	raw = 4.00,4.00	coord = 430.00,271.00
Vert (rel)	raw = 0.00,21.00	coord = 430.00,292.00
curve (rel)	raw = -4.00,4.00	coord = 426.00,296.00
Horz (rel)	raw = -21.00,0.00	coord = 405.00,296.00
curve (rel)	raw = -4.00,-4.00	coord = 401.00,292.00
Vert (rel)	raw = 0.00,-21.00	coord = 401.00,271.00
curve (rel)	raw = 4.00,-4.00	coord = 405.00,267.00
End polygon at 405.00,267.00

 PATH path36 FOUND 
SVG scale factor = 1.000000
SVG offset = 0.000000,0.000000
POLYGON 10)
Move (rel)	raw = 266.00,227.00	coord = 266.00,227.00
Horz (rel)	raw = 21.00,0.00	coord = 287.00,227.00
curve (rel)	raw = 4.00,4.00	coord = 291.00,231.00
Vert (rel)	raw = 0.00,21.00	coord = 291.00,252.00
curve (rel)	raw = -4.00,4.00	coord = 287.00,256.00
Horz (rel)	raw = -21.00,0.00	coord = 266.00,256.00
curve (rel)	raw = -4.00,-4.00	coord = 262.00,252.00
Vert (rel)	raw = 0.00,-21.00	coord = 262.00,231.00
curve (rel)	raw = 4.00,-4.00	coord = 266.00,227.00
End polygon at 266.00,227.00

 PATH path34 FOUND 
SVG scale factor = 1.000000
SVG offset = 0.000000,0.000000
POLYGON 11)
Move (rel)	raw = 321.00,227.00	coord = 321.00,227.00
Horz (rel)	raw = 21.00,0.00	coord = 342.00,227.00
curve (rel)	raw = 4.00,4.00	coord = 346.00,231.00
Vert (rel)	raw = 0.00,21.00	coord = 346.00,252.00
curve (rel)	raw = -4.00,4.00	coord = 342.00,256.00
Horz (rel)	raw = -21.00,0.00	coord = 321.00,256.00
curve (rel)	raw = -4.00,-4.00	coord = 317.00,252.00
Vert (rel)	raw = 0.00,-21.00	coord = 317.00,231.00
curve (rel)	raw = 4.00,-4.00	coord = 321.00,227.00
End polygon at 321.00,227.00

 PATH path32 FOUND 
SVG scale factor = 1.000000
SVG offset = 0.000000,0.000000
POLYGON 12)
Move (rel)	raw = 363.00,227.00	coord = 363.00,227.00
Horz (rel)	raw = 21.00,0.00	coord = 384.00,227.00
curve (rel)	raw = 4.00,4.00	coord = 388.00,231.00
Vert (rel)	raw = 0.00,21.00	coord = 388.00,252.00
curve (rel)	raw = -4.00,4.00	coord = 384.00,256.00
Horz (rel)	raw = -21.00,0.00	coord = 363.00,256.00
curve (rel)	raw = -4.00,-4.00	coord = 359.00,252.00
Vert (rel)	raw = 0.00,-21.00	coord = 359.00,231.00
curve (rel)	raw = 4.00,-4.00	coord = 363.00,227.00
End polygon at 363.00,227.00

 PATH path30 FOUND 
SVG scale factor = 1.000000
SVG offset = 0.000000,0.000000
POLYGON 13)
Move (rel)	raw = 405.00,227.00	coord = 405.00,227.00
Horz (rel)	raw = 21.00,0.00	coord = 426.00,227.00
curve (rel)	raw = 4.00,4.00	coord = 430.00,231.00
Vert (rel)	raw = 0.00,21.00	coord = 430.00,252.00
curve (rel)	raw = -4.00,4.00	coord = 426.00,256.00
Horz (rel)	raw = -21.00,0.00	coord = 405.00,256.00
curve (rel)	raw = -4.00,-4.00	coord = 401.00,252.00
Vert (rel)	raw = 0.00,-21.00	coord = 401.00,231.00
curve (rel)	raw = 4.00,-4.00	coord = 405.00,227.00
End polygon at 405.00,227.00

 PATH path28 FOUND 
SVG scale factor = 1.000000
SVG offset = 0.000000,0.000000
POLYGON 14)
Move (rel)	raw = 266.00,187.00	coord = 266.00,187.00
Horz (rel)	raw = 21.00,0.00	coord = 287.00,187.00
curve (rel)	raw = 4.00,4.00	coord = 291.00,191.00
Vert (rel)	raw = 0.00,21.00	coord = 291.00,212.00
curve (rel)	raw = -4.00,4.00	coord = 287.00,216.00
Horz (rel)	raw = -21.00,0.00	coord = 266.00,216.00
curve (rel)	raw = -4.00,-4.00	coord = 262.00,212.00
Vert (rel)	raw = 0.00,-21.00	coord = 262.00,191.00
curve (rel)	raw = 4.00,-4.00	coord = 266.00,187.00
End polygon at 266.00,187.00

 PATH path26 FOUND 
SVG scale factor = 1.000000
SVG offset = 0.000000,0.000000
POLYGON 15)
Move (rel)	raw = 321.00,187.00	coord = 321.00,187.00
Horz (rel)	raw = 21.00,0.00	coord = 342.00,187.00
curve (rel)	raw = 4.00,4.00	coord = 346.00,191.00
Vert (rel)	raw = 0.00,21.00	coord = 346.00,212.00
curve (rel)	raw = -4.00,4.00	coord = 342.00,216.00
Horz (rel)	raw = -21.00,0.00	coord = 321.00,216.00
curve (rel)	raw = -4.00,-4.00	coord = 317.00,212.00
Vert (rel)	raw = 0.00,-21.00	coord = 317.00,191.00
curve (rel)	raw = 4.00,-4.00	coord = 321.00,187.00
End polygon at 321.00,187.00

 PATH path24 FOUND 
SVG scale factor = 1.000000
SVG offset = 0.000000,0.000000
POLYGON 16)
Move (rel)	raw = 363.00,187.00	coord = 363.00,187.00
Horz (rel)	raw = 21.00,0.00	coord = 384.00,187.00
curve (rel)	raw = 4.00,4.00	coord = 388.00,191.00
Vert (rel)	raw = 0.00,21.00	coord = 388.00,212.00
curve (rel)	raw = -4.00,4.00	coord = 384.00,216.00
Horz (rel)	raw = -21.00,0.00	coord = 363.00,216.00
curve (rel)	raw = -4.00,-4.00	coord = 359.00,212.00
Vert (rel)	raw = 0.00,-21.00	coord = 359.00,191.00
curve (rel)	raw = 4.00,-4.00	coord = 363.00,187.00
End polygon at 363.00,187.00

 PATH path22 FOUND 
SVG scale factor = 1.000000
SVG offset = 0.000000,0.000000
POLYGON 17)
Move (rel)	raw = 405.00,187.00	coord = 405.00,187.00
Horz (rel)	raw = 21.00,0.00	coord = 426.00,187.00
curve (rel)	raw = 4.00,4.00	coord = 430.00,191.00
Vert (rel)	raw = 0.00,21.00	coord = 430.00,212.00
curve (rel)	raw = -4.00,4.00	coord = 426.00,216.00
Horz (rel)	raw = -21.00,0.00	coord = 405.00,216.00
curve (rel)	raw = -4.00,-4.00	coord = 401.00,212.00
Vert (rel)	raw = 0.00,-21.00	coord = 401.00,191.00
curve (rel)	raw = 4.00,-4.00	coord = 405.00,187.00
End polygon at 405.00,187.00

 PATH path20 FOUND 
SVG scale factor = 1.000000
SVG offset = 0.000000,0.000000
POLYGON 18)
Move (rel)	raw = 447.00,187.00	coord = 447.00,187.00
Horz (rel)	raw = 21.00,0.00	coord = 468.00,187.00
curve (rel)	raw = 4.00,4.00	coord = 472.00,191.00
Vert (rel)	raw = 0.00,21.00	coord = 472.00,212.00
curve (rel)	raw = -4.00,4.00	coord = 468.00,216.00
Horz (rel)	raw = -21.00,0.00	coord = 447.00,216.00
curve (rel)	raw = -4.00,-4.00	coord = 443.00,212.00
Vert (rel)	raw = 0.00,-21.00	coord = 443.00,191.00
curve (rel)	raw = 4.00,-4.00	coord = 447.00,187.00
End polygon at 447.00,187.00

 PATH path72 FOUND 
SVG scale factor = 1.000000
SVG offset = 0.000000,0.000000
POLYGON 19)
Move (rel)	raw = 722.72,280.00	coord = 722.72,280.00
curve (rel)	raw = -5.64,-2.04	coord = 717.08,277.96
	raw = -1.34,-1.52	coord = 715.74,276.44
	raw = -2.03,-3.51	coord = 713.71,272.93
	raw = -1.92,-5.53	coord = 711.79,267.40
Vert (rel)	raw = 0.00,-47.98	coord = 711.79,219.42
Horz (rel)	raw = -10.68,0.00	coord = 701.11,219.42
Vert (rel)	raw = 0.00,-5.88	coord = 701.11,213.54
Horz (rel)	raw = 6.96,0.00	coord = 708.07,213.54
curve (rel)	raw = 3.42,-1.02	coord = 711.49,212.52
	raw = 0.71,-1.08	coord = 712.20,211.44
	raw = 1.03,-2.37	coord = 713.23,209.07
	raw = 0.90,-3.66	coord = 714.13,205.41
Vert (abs)	raw = 0.90,201.40	coord = 0.90,201.40
Horz (abs)	raw = 722.00,201.40	coord = 722.00,201.40
Vert (rel)	raw = 0.00,17.16	coord = 722.00,218.56
Horz (rel)	raw = 13.92,0.00	coord = 735.92,218.56
Vert (rel)	raw = 0.00,5.88	coord = 735.92,224.44
Horz (abs)	raw = 722.00,5.88	coord = 722.00,5.88
Vert (rel)	raw = 0.00,49.68	coord = 722.00,55.56
Horz (rel)	raw = 12.96,0.00	coord = 734.96,55.56
Vert (abs)	raw = 12.96,280.00	coord = 12.96,280.00
End polygon at 722.72,280.00

 PATH path70 FOUND 
SVG scale factor = 1.000000
SVG offset = 0.000000,0.000000
POLYGON 20)
Move (rel)	raw = 717.71,309.00	coord = 717.71,309.00
Horz (rel)	raw = -1.72,0.00	coord = 715.99,309.00
Line (rel)	raw = 2.46,-14.66	coord = 718.45,294.34
Horz (rel)	raw = 5.23,0.00	coord = 723.68,294.34
curve (rel)	raw = 2.72,0.96	coord = 726.40,295.30
	raw = 0.60,0.69	coord = 727.00,295.99
	raw = 0.91,1.58	coord = 727.91,297.57
	raw = 0.87,2.49	coord = 728.78,300.06
	raw = 0.07,1.26	coord = 728.85,301.32
	raw = -0.34,2.50	coord = 728.51,303.82
	raw = -1.15,3.46	coord = 727.36,307.28
	raw = -0.86,0.88	coord = 726.50,308.16
	raw = -2.03,1.39	coord = 724.47,309.55
	raw = -3.26,1.41	coord = 721.21,310.96
Line (rel)	raw = 2.67,6.34	coord = 723.88,317.30
Horz (rel)	raw = -1.87,0.00	coord = 722.01,317.30
Line (rel)	raw = -2.50,-6.28	coord = 719.51,311.02
Horz (rel)	raw = -2.39,0.00	coord = 717.12,311.02
End polygon at 717.71,309.00

 PATH path68 FOUND 
SVG scale factor = 1.000000
SVG offset = 0.000000,0.000000
POLYGON 21)
Move (rel)	raw = 602.64,204.48	coord = 602.64,204.48
Horz (rel)	raw = -0.48,0.00	coord = 602.16,204.48
Line (rel)	raw = -28.92,51.24	coord = 573.24,255.72
	raw = -28.92,-51.24	coord = 544.32,204.48
Horz (rel)	raw = -0.48,0.00	coord = 543.84,204.48
Vert (abs)	raw = -0.48,279.00	coord = -0.48,279.00
Horz (rel)	raw = -6.96,0.00	coord = -7.44,279.00
Vert (rel)	raw = 0.00,-83.76	coord = -7.44,195.24
Horz (rel)	raw = 9.84,0.00	coord = 2.40,195.24
Line (rel)	raw = 26.52,47.16	coord = 28.92,242.40
Horz (rel)	raw = 0.36,0.00	coord = 29.28,242.40
Line (rel)	raw = 26.52,-47.16	coord = 55.80,195.24
Horz (rel)	raw = 9.48,0.00	coord = 65.28,195.24
Vert (abs)	raw = 9.48,279.00	coord = 9.48,279.00
Horz (rel)	raw = -6.96,0.00	coord = 2.52,279.00
End polygon at 602.64,204.48

 PATH path66 FOUND 
SVG scale factor = 1.000000
SVG offset = 0.000000,0.000000
POLYGON 22)
Move (rel)	raw = 602.64,204.48	coord = 602.64,204.48
Horz (rel)	raw = -0.48,0.00	coord = 602.16,204.48
Line (rel)	raw = -28.92,51.24	coord = 573.24,255.72
	raw = -28.92,-51.24	coord = 544.32,204.48
Horz (rel)	raw = -0.48,0.00	coord = 543.84,204.48
Vert (abs)	raw = -0.48,279.00	coord = -0.48,279.00
Horz (rel)	raw = -6.96,0.00	coord = -7.44,279.00
Vert (rel)	raw = 0.00,-83.76	coord = -7.44,195.24
Horz (rel)	raw = 9.84,0.00	coord = 2.40,195.24
Line (rel)	raw = 26.52,47.16	coord = 28.92,242.40
Horz (rel)	raw = 0.36,0.00	coord = 29.28,242.40
Line (rel)	raw = 26.52,-47.16	coord = 55.80,195.24
Horz (rel)	raw = 9.48,0.00	coord = 65.28,195.24
Vert (abs)	raw = 9.48,279.00	coord = 9.48,279.00
Horz (rel)	raw = -6.96,0.00	coord = 2.52,279.00
End polygon at 602.64,204.48

 PATH path64 FOUND 
SVG scale factor = 1.000000
SVG offset = 0.000000,0.000000
POLYGON 23)
Move (rel)	raw = 388.00,351.00	coord = 388.00,351.00
Vert (rel)	raw = 0.00,21.00	coord = 388.00,372.00
curve (rel)	raw = -4.00,4.00	coord = 384.00,376.00
Horz (rel)	raw = -63.00,0.00	coord = 321.00,376.00
curve (rel)	raw = -4.00,-4.00	coord = 317.00,372.00
Vert (rel)	raw = 0.00,-21.00	coord = 317.00,351.00
curve (rel)	raw = 4.00,-4.00	coord = 321.00,347.00
Horz (rel)	raw = 63.00,0.00	coord = 384.00,347.00
curve (rel)	raw = 4.00,4.00	coord = 388.00,351.00
End polygon at 388.00,351.00

 PATH path62 FOUND 
SVG scale factor = 1.000000
SVG offset = 0.000000,0.000000
POLYGON 24)
Move (rel)	raw = 447.00,307.00	coord = 447.00,307.00
Horz (rel)	raw = 21.00,0.00	coord = 468.00,307.00
curve (rel)	raw = 4.00,4.00	coord = 472.00,311.00
Vert (rel)	raw = 0.00,61.00	coord = 472.00,372.00
curve (rel)	raw = -4.00,4.00	coord = 468.00,376.00
Horz (rel)	raw = -21.00,0.00	coord = 447.00,376.00
curve (rel)	raw = -4.00,-4.00	coord = 443.00,372.00
Vert (rel)	raw = 0.00,-61.00	coord = 443.00,311.00
curve (rel)	raw = 4.00,-4.00	coord = 447.00,307.00
End polygon at 447.00,307.00

 PATH path60 FOUND 
SVG scale factor = 1.000000
SVG offset = 0.000000,0.000000
POLYGON 25)
Move (rel)	raw = 447.00,227.00	coord = 447.00,227.00
Horz (rel)	raw = 21.00,0.00	coord = 468.00,227.00
curve (rel)	raw = 4.00,4.00	coord = 472.00,231.00
Vert (rel)	raw = 0.00,61.00	coord = 472.00,292.00
curve (rel)	raw = -4.00,4.00	coord = 468.00,296.00
Horz (rel)	raw = -21.00,0.00	coord = 447.00,296.00
curve (rel)	raw = -4.00,-4.00	coord = 443.00,292.00
Vert (rel)	raw = 0.00,-61.00	coord = 443.00,231.00
curve (rel)	raw = 4.00,-4.00	coord = 447.00,227.00
End polygon at 447.00,227.00

 PATH path12 FOUND 
SVG scale factor = 1.000000
SVG offset = 0.000000,0.000000
POLYGON 26)
Move (rel)	raw = 408.00,92.00	coord = 408.00,92.00
Horz (rel)	raw = 55.00,0.00	coord = 463.00,92.00
curve (rel)	raw = 9.00,9.00	coord = 472.00,101.00
Vert (rel)	raw = 0.00,55.00	coord = 472.00,156.00
curve (rel)	raw = -9.00,9.00	coord = 463.00,165.00
Horz (rel)	raw = -55.00,0.00	coord = 408.00,165.00
curve (rel)	raw = -9.00,-9.00	coord = 399.00,156.00
Vert (rel)	raw = 0.00,-55.00	coord = 399.00,101.00
curve (rel)	raw = 9.00,-9.00	coord = 408.00,92.00
End polygon at 408.00,92.00

 PATH path10 FOUND 
SVG scale factor = 1.000000
SVG offset = 0.000000,0.000000
POLYGON 27)
Move (rel)	raw = 259.00,80.00	coord = 259.00,80.00
Horz (rel)	raw = 213.00,0.00	coord = 472.00,80.00
curve (rel)	raw = 9.00,9.00	coord = 481.00,89.00
Vert (rel)	raw = 0.00,293.00	coord = 481.00,382.00
curve (rel)	raw = -9.00,9.00	coord = 472.00,391.00
Horz (abs)	raw = 259.00,9.00	coord = 259.00,9.00
curve (rel)	raw = -9.00,-9.00	coord = 250.00,0.00
Vert (abs)	raw = -9.00,89.00	coord = -9.00,89.00
curve (rel)	raw = 9.00,-9.00	coord = 0.00,80.00
End polygon at 259.00,80.00


Object origin:
372.460000 195.500000

Eagle Command:
set wire_bend 2;
change layer tDocu;
set width 0.000500;
poly (R -0.097460 -0.151500) (R -0.076460 -0.151500) (R -0.072460 -0.155500) (R -0.072460 -0.176500) (R -0.076460 -0.180500) (R -0.097460 -0.180500) (R -0.101460 -0.176500) (R -0.101460 -0.155500) (R -0.097460 -0.151500);
poly (R 0.041540 -0.151500) (R 0.062540 -0.151500) (R 0.066540 -0.155500) (R 0.066540 -0.176500) (R 0.062540 -0.180500) (R 0.041540 -0.180500) (R 0.037540 -0.176500) (R 0.037540 -0.155500) (R 0.041540 -0.151500);
poly (R -0.097460 -0.111500) (R -0.076460 -0.111500) (R -0.072460 -0.115500) (R -0.072460 -0.136500) (R -0.076460 -0.140500) (R -0.097460 -0.140500) (R -0.101460 -0.136500) (R -0.101460 -0.115500) (R -0.097460 -0.111500);
poly (R -0.042460 -0.111500) (R -0.021460 -0.111500) (R -0.017460 -0.115500) (R -0.017460 -0.136500) (R -0.021460 -0.140500) (R -0.042460 -0.140500) (R -0.046460 -0.136500) (R -0.046460 -0.115500) (R -0.042460 -0.111500);
poly (R -0.000460 -0.111500) (R 0.020540 -0.111500) (R 0.024540 -0.115500) (R 0.024540 -0.136500) (R 0.020540 -0.140500) (R -0.000460 -0.140500) (R -0.004460 -0.136500) (R -0.004460 -0.115500) (R -0.000460 -0.111500);
poly (R 0.041540 -0.111500) (R 0.062540 -0.111500) (R 0.066540 -0.115500) (R 0.066540 -0.136500) (R 0.062540 -0.140500) (R 0.041540 -0.140500) (R 0.037540 -0.136500) (R 0.037540 -0.115500) (R 0.041540 -0.111500);
poly (R -0.097460 -0.071500) (R -0.076460 -0.071500) (R -0.072460 -0.075500) (R -0.072460 -0.096500) (R -0.076460 -0.100500) (R -0.097460 -0.100500) (R -0.101460 -0.096500) (R -0.101460 -0.075500) (R -0.097460 -0.071500);
poly (R -0.042460 -0.071500) (R -0.021460 -0.071500) (R -0.017460 -0.075500) (R -0.017460 -0.096500) (R -0.021460 -0.100500) (R -0.042460 -0.100500) (R -0.046460 -0.096500) (R -0.046460 -0.075500) (R -0.042460 -0.071500);
poly (R -0.000460 -0.071500) (R 0.020540 -0.071500) (R 0.024540 -0.075500) (R 0.024540 -0.096500) (R 0.020540 -0.100500) (R -0.000460 -0.100500) (R -0.004460 -0.096500) (R -0.004460 -0.075500) (R -0.000460 -0.071500);
poly (R 0.041540 -0.071500) (R 0.062540 -0.071500) (R 0.066540 -0.075500) (R 0.066540 -0.096500) (R 0.062540 -0.100500) (R 0.041540 -0.100500) (R 0.037540 -0.096500) (R 0.037540 -0.075500) (R 0.041540 -0.071500);
poly (R -0.097460 -0.031500) (R -0.076460 -0.031500) (R -0.072460 -0.035500) (R -0.072460 -0.056500) (R -0.076460 -0.060500) (R -0.097460 -0.060500) (R -0.101460 -0.056500) (R -0.101460 -0.035500) (R -0.097460 -0.031500);
poly (R -0.042460 -0.031500) (R -0.021460 -0.031500) (R -0.017460 -0.035500) (R -0.017460 -0.056500) (R -0.021460 -0.060500) (R -0.042460 -0.060500) (R -0.046460 -0.056500) (R -0.046460 -0.035500) (R -0.042460 -0.031500);
poly (R -0.000460 -0.031500) (R 0.020540 -0.031500) (R 0.024540 -0.035500) (R 0.024540 -0.056500) (R 0.020540 -0.060500) (R -0.000460 -0.060500) (R -0.004460 -0.056500) (R -0.004460 -0.035500) (R -0.000460 -0.031500);
poly (R 0.041540 -0.031500) (R 0.062540 -0.031500) (R 0.066540 -0.035500) (R 0.066540 -0.056500) (R 0.062540 -0.060500) (R 0.041540 -0.060500) (R 0.037540 -0.056500) (R 0.037540 -0.035500) (R 0.041540 -0.031500);
poly (R -0.097460 0.008500) (R -0.076460 0.008500) (R -0.072460 0.004500) (R -0.072460 -0.016500) (R -0.076460 -0.020500) (R -0.097460 -0.020500) (R -0.101460 -0.016500) (R -0.101460 0.004500) (R -0.097460 0.008500);
poly (R -0.042460 0.008500) (R -0.021460 0.008500) (R -0.017460 0.004500) (R -0.017460 -0.016500) (R -0.021460 -0.020500) (R -0.042460 -0.020500) (R -0.046460 -0.016500) (R -0.046460 0.004500) (R -0.042460 0.008500);
poly (R -0.000460 0.008500) (R 0.020540 0.008500) (R 0.024540 0.004500) (R 0.024540 -0.016500) (R 0.020540 -0.020500) (R -0.000460 -0.020500) (R -0.004460 -0.016500) (R -0.004460 0.004500) (R -0.000460 0.008500);
poly (R 0.041540 0.008500) (R 0.062540 0.008500) (R 0.066540 0.004500) (R 0.066540 -0.016500) (R 0.062540 -0.020500) (R 0.041540 -0.020500) (R 0.037540 -0.016500) (R 0.037540 0.004500) (R 0.041540 0.008500);
poly (R 0.083540 0.008500) (R 0.104540 0.008500) (R 0.108540 0.004500) (R 0.108540 -0.016500) (R 0.104540 -0.020500) (R 0.083540 -0.020500) (R 0.079540 -0.016500) (R 0.079540 0.004500) (R 0.083540 0.008500);
poly (R 0.359260 -0.084500) (R 0.353620 -0.082460) (R 0.352280 -0.080940) (R 0.350250 -0.077430) (R 0.348330 -0.071900) (R 0.348330 -0.023920) (R 0.337650 -0.023920) (R 0.337650 -0.018040) (R 0.344610 -0.018040) (R 0.348030 -0.017020) (R 0.348740 -0.015940) (R 0.349770 -0.013570) (R 0.350670 -0.009910) (R -0.362560 -0.005900) (R 0.358540 -0.005900) (R 0.358540 -0.023060) (R 0.372460 -0.023060) (R 0.372460 -0.028940) (R 0.358540 0.189620) (R 0.358540 0.139940) (R 0.371500 0.139940) (R -0.350500 -0.084500) (R 0.359260 -0.084500);
poly (R 0.354250 -0.113500) (R 0.352530 -0.113500) (R 0.354990 -0.098840) (R 0.360220 -0.098840) (R 0.362940 -0.099800) (R 0.363540 -0.100490) (R 0.364450 -0.102070) (R 0.365320 -0.104560) (R 0.365390 -0.105820) (R 0.365050 -0.108320) (R 0.363900 -0.111780) (R 0.363040 -0.112660) (R 0.361010 -0.114050) (R 0.357750 -0.115460) (R 0.360420 -0.121800) (R 0.358550 -0.121800) (R 0.356050 -0.115520) (R 0.353660 -0.115520) (R 0.354250 -0.113500);
poly (R 0.239180 -0.008980) (R 0.238700 -0.008980) (R 0.209780 -0.060220) (R 0.180860 -0.008980) (R 0.180380 -0.008980) (R -0.363940 -0.083500) (R -0.370900 -0.083500) (R -0.370900 0.000260) (R -0.361060 0.000260) (R -0.334540 -0.046900) (R -0.334180 -0.046900) (R -0.307660 0.000260) (R -0.298180 0.000260) (R -0.353980 -0.083500) (R -0.360940 -0.083500) (R 0.239180 -0.008980);
poly (R 0.239180 -0.008980) (R 0.238700 -0.008980) (R 0.209780 -0.060220) (R 0.180860 -0.008980) (R 0.180380 -0.008980) (R -0.363940 -0.083500) (R -0.370900 -0.083500) (R -0.370900 0.000260) (R -0.361060 0.000260) (R -0.334540 -0.046900) (R -0.334180 -0.046900) (R -0.307660 0.000260) (R -0.298180 0.000260) (R -0.353980 -0.083500) (R -0.360940 -0.083500) (R 0.239180 -0.008980);
poly (R 0.024540 -0.155500) (R 0.024540 -0.176500) (R 0.020540 -0.180500) (R -0.042460 -0.180500) (R -0.046460 -0.176500) (R -0.046460 -0.155500) (R -0.042460 -0.151500) (R 0.020540 -0.151500) (R 0.024540 -0.155500);
poly (R 0.083540 -0.111500) (R 0.104540 -0.111500) (R 0.108540 -0.115500) (R 0.108540 -0.176500) (R 0.104540 -0.180500) (R 0.083540 -0.180500) (R 0.079540 -0.176500) (R 0.079540 -0.115500) (R 0.083540 -0.111500);
poly (R 0.083540 -0.031500) (R 0.104540 -0.031500) (R 0.108540 -0.035500) (R 0.108540 -0.096500) (R 0.104540 -0.100500) (R 0.083540 -0.100500) (R 0.079540 -0.096500) (R 0.079540 -0.035500) (R 0.083540 -0.031500);
poly (R 0.044540 0.103500) (R 0.099540 0.103500) (R 0.108540 0.094500) (R 0.108540 0.039500) (R 0.099540 0.030500) (R 0.044540 0.030500) (R 0.035540 0.039500) (R 0.035540 0.094500) (R 0.044540 0.103500);
poly (R -0.104460 0.115500) (R 0.108540 0.115500) (R 0.117540 0.106500) (R 0.117540 -0.186500) (R 0.108540 -0.195500) (R -0.104460 0.186500) (R -0.113460 0.195500) (R -0.372460 0.106500) (R -0.363460 0.115500) (R -0.104460 0.115500);

